24/04/2014-07:33:51 INFO: GET request in home
24/04/2014-07:33:51 INFO: token: 3e71fd4cb5bb4ce099b853a27150ba31
24/04/2014-07:35:07 INFO: GET request in home
24/04/2014-07:35:07 INFO: token: bd4b22e9e3c6437ebaeedad1ded8cae2
24/04/2014-07:35:08 INFO: Tenant: 376f0169d04b4a66a1af147ef33073ae
24/04/2014-07:35:08 INFO: token: 61834f40003b433e9e9d7532f494c57e
24/04/2014-07:35:08 INFO: Tenant: 376f0169d04b4a66a1af147ef33073ae
24/04/2014-07:35:08 INFO: http://130.206.80.119:8087/sdc/rest/catalog/product
24/04/2014-07:35:49 INFO: GET request in home
24/04/2014-07:35:50 INFO: token: a53c556f79484d5ba8c8ca006b7873c9
24/04/2014-07:35:50 INFO: Tenant: 376f0169d04b4a66a1af147ef33073ae
24/04/2014-07:35:50 INFO: token: 1106ee4adb0342e18f4ac3ba2819405c
24/04/2014-07:35:51 INFO: Tenant: 376f0169d04b4a66a1af147ef33073ae
24/04/2014-07:35:51 INFO: http://130.206.80.119:8087/sdc/rest/catalog/product
24/04/2014-07:36:24 ERROR: Error adding the catalog to the SDC
24/04/2014-07:37:06 ERROR: Error adding the catalog to the SDC
24/04/2014-07:48:16 INFO: GET request in home
24/04/2014-07:48:17 INFO: token: 86e1778b6e6444b1aa335bfcce579398
24/04/2014-07:48:18 INFO: Tenant: 376f0169d04b4a66a1af147ef33073ae
24/04/2014-07:48:18 INFO: token: f1a82349de844d11b3dbac977ddcb70c
24/04/2014-07:48:19 INFO: Tenant: 376f0169d04b4a66a1af147ef33073ae
24/04/2014-07:48:19 INFO: http://130.206.80.119:8087/sdc/rest/catalog/product
24/04/2014-07:49:35 ERROR: Error adding the catalog to the SDC
